# JRE version: OpenJDK Runtime Environment (8.0_131-b12) (build 1.8.0_131-b12)
# Java VM: OpenJDK 64-Bit Server VM (25.131-b12 mixed mode linux-amd64 compressed oops)
Heap:
 PSYoungGen      total 668160K, used 330751K [0x0000000782300000, 0x00000007c0000000, 0x00000007c0000000)
  eden space 330752K, 99% used [0x0000000782300000,0x00000007965ffff0,0x0000000796600000)
  from space 337408K, 0% used [0x0000000796600000,0x0000000796600000,0x00000007aaf80000)
  to   space 337408K, 0% used [0x00000007ab680000,0x00000007ab680000,0x00000007c0000000)
 ParOldGen       total 2026496K, used 2026074K [0x0000000706800000, 0x0000000782300000, 0x0000000782300000)
  object space 2026496K, 99% used [0x0000000706800000,0x0000000782296a60,0x0000000782300000)
 Metaspace       used 41272K, capacity 41482K, committed 42624K, reserved 1085440K
  class space    used 6236K, capacity 6304K, committed 6528K, reserved 1048576K
GC Heap History (10 events):
Event: 1490.984 GC heap after
Heap after GC invocations=295 (full 262):
 PSYoungGen      total 668160K, used 330751K [0x0000000782300000, 0x00000007c0000000, 0x00000007c0000000)
  eden space 330752K, 99% used [0x0000000782300000,0x00000007965fffd8,0x0000000796600000)
  from space 337408K, 0% used [0x0000000796600000,0x0000000796600000,0x00000007aaf80000)
  to   space 337408K, 0% used [0x00000007ab680000,0x00000007ab680000,0x00000007c0000000)
 ParOldGen       total 2026496K, used 2026074K [0x0000000706800000, 0x0000000782300000, 0x0000000782300000)
  object space 2026496K, 99% used [0x0000000706800000,0x0000000782296a68,0x0000000782300000)
 Metaspace       used 41272K, capacity 41482K, committed 42624K, reserved 1085440K
  class space    used 6236K, capacity 6304K, committed 6528K, reserved 1048576K
}
Event: 1490.984 GC heap before
{Heap before GC invocations=296 (full 263):
 PSYoungGen      total 668160K, used 330752K [0x0000000782300000, 0x00000007c0000000, 0x00000007c0000000)
  eden space 330752K, 100% used [0x0000000782300000,0x0000000796600000,0x0000000796600000)
  from space 337408K, 0% used [0x0000000796600000,0x0000000796600000,0x00000007aaf80000)
  to   space 337408K, 0% used [0x00000007ab680000,0x00000007ab680000,0x00000007c0000000)
 ParOldGen       total 2026496K, used 2026077K [0x0000000706800000, 0x0000000782300000, 0x0000000782300000)
  object space 2026496K, 99% used [0x0000000706800000,0x00000007822974f8,0x0000000782300000)
 Metaspace       used 41272K, capacity 41482K, committed 42624K, reserved 1085440K
  class space    used 6236K, capacity 6304K, committed 6528K, reserved 1048576K
Event: 1498.468 GC heap after
Heap after GC invocations=296 (full 263):
 PSYoungGen      total 668160K, used 330751K [0x0000000782300000, 0x00000007c0000000, 0x00000007c0000000)
  eden space 330752K, 99% used [0x0000000782300000,0x00000007965fff28,0x0000000796600000)
  from space 337408K, 0% used [0x0000000796600000,0x0000000796600000,0x00000007aaf80000)
  to   space 337408K, 0% used [0x00000007ab680000,0x00000007ab680000,0x00000007c0000000)
 ParOldGen       total 2026496K, used 2026074K [0x0000000706800000, 0x0000000782300000, 0x0000000782300000)
  object space 2026496K, 99% used [0x0000000706800000,0x0000000782296b20,0x0000000782300000)
 Metaspace       used 41272K, capacity 41482K, committed 42624K, reserved 1085440K
  class space    used 6236K, capacity 6304K, committed 6528K, reserved 1048576K
}
Event: 1498.469 GC heap before
{Heap before GC invocations=297 (full 264):
 PSYoungGen      total 668160K, used 330752K [0x0000000782300000, 0x00000007c0000000, 0x00000007c0000000)
  eden space 330752K, 100% used [0x0000000782300000,0x0000000796600000,0x0000000796600000)
  from space 337408K, 0% used [0x0000000796600000,0x0000000796600000,0x00000007aaf80000)
  to   space 337408K, 0% used [0x00000007ab680000,0x00000007ab680000,0x00000007c0000000)
 ParOldGen       total 2026496K, used 2026074K [0x0000000706800000, 0x0000000782300000, 0x0000000782300000)
  object space 2026496K, 99% used [0x0000000706800000,0x0000000782296b20,0x0000000782300000)
 Metaspace       used 41272K, capacity 41482K, committed 42624K, reserved 1085440K
  class space    used 6236K, capacity 6304K, committed 6528K, reserved 1048576K
Event: 1503.689 GC heap after
Heap after GC invocations=297 (full 264):
 PSYoungGen      total 668160K, used 330751K [0x0000000782300000, 0x00000007c0000000, 0x00000007c0000000)
  eden space 330752K, 99% used [0x0000000782300000,0x00000007965fff80,0x0000000796600000)
  from space 337408K, 0% used [0x0000000796600000,0x0000000796600000,0x00000007aaf80000)
  to   space 337408K, 0% used [0x00000007ab680000,0x00000007ab680000,0x00000007c0000000)
 ParOldGen       total 2026496K, used 2026074K [0x0000000706800000, 0x0000000782300000, 0x0000000782300000)
  object space 2026496K, 99% used [0x0000000706800000,0x0000000782296aa8,0x0000000782300000)
 Metaspace       used 41272K, capacity 41482K, committed 42624K, reserved 1085440K
  class space    used 6236K, capacity 6304K, committed 6528K, reserved 1048576K
}
Event: 1503.689 GC heap before
{Heap before GC invocations=298 (full 265):
 PSYoungGen      total 668160K, used 330752K [0x0000000782300000, 0x00000007c0000000, 0x00000007c0000000)
  eden space 330752K, 100% used [0x0000000782300000,0x0000000796600000,0x0000000796600000)
  from space 337408K, 0% used [0x0000000796600000,0x0000000796600000,0x00000007aaf80000)
  to   space 337408K, 0% used [0x00000007ab680000,0x00000007ab680000,0x00000007c0000000)
 ParOldGen       total 2026496K, used 2026074K [0x0000000706800000, 0x0000000782300000, 0x0000000782300000)
  object space 2026496K, 99% used [0x0000000706800000,0x0000000782296aa8,0x0000000782300000)
 Metaspace       used 41272K, capacity 41482K, committed 42624K, reserved 1085440K
  class space    used 6236K, capacity 6304K, committed 6528K, reserved 1048576K
Event: 1509.349 GC heap after
Heap after GC invocations=298 (full 265):
 PSYoungGen      total 668160K, used 330751K [0x0000000782300000, 0x00000007c0000000, 0x00000007c0000000)
  eden space 330752K, 99% used [0x0000000782300000,0x00000007965fffb0,0x0000000796600000)
  from space 337408K, 0% used [0x0000000796600000,0x0000000796600000,0x00000007aaf80000)
  to   space 337408K, 0% used [0x00000007ab680000,0x00000007ab680000,0x00000007c0000000)
 ParOldGen       total 2026496K, used 2026074K [0x0000000706800000, 0x0000000782300000, 0x0000000782300000)
  object space 2026496K, 99% used [0x0000000706800000,0x0000000782296a78,0x0000000782300000)
 Metaspace       used 41272K, capacity 41482K, committed 42624K, reserved 1085440K
  class space    used 6236K, capacity 6304K, committed 6528K, reserved 1048576K
}
Event: 1509.350 GC heap before
{Heap before GC invocations=299 (full 266):
 PSYoungGen      total 668160K, used 330751K [0x0000000782300000, 0x00000007c0000000, 0x00000007c0000000)
  eden space 330752K, 99% used [0x0000000782300000,0x00000007965ffff0,0x0000000796600000)
  from space 337408K, 0% used [0x0000000796600000,0x0000000796600000,0x00000007aaf80000)
  to   space 337408K, 0% used [0x00000007ab680000,0x00000007ab680000,0x00000007c0000000)
 ParOldGen       total 2026496K, used 2026074K [0x0000000706800000, 0x0000000782300000, 0x0000000782300000)
  object space 2026496K, 99% used [0x0000000706800000,0x0000000782296a78,0x0000000782300000)
 Metaspace       used 41272K, capacity 41482K, committed 42624K, reserved 1085440K
  class space    used 6236K, capacity 6304K, committed 6528K, reserved 1048576K
Event: 1515.580 GC heap after
Heap after GC invocations=299 (full 266):
 PSYoungGen      total 668160K, used 330751K [0x0000000782300000, 0x00000007c0000000, 0x00000007c0000000)
  eden space 330752K, 99% used [0x0000000782300000,0x00000007965fffc0,0x0000000796600000)
  from space 337408K, 0% used [0x0000000796600000,0x0000000796600000,0x00000007aaf80000)
  to   space 337408K, 0% used [0x00000007ab680000,0x00000007ab680000,0x00000007c0000000)
 ParOldGen       total 2026496K, used 2026074K [0x0000000706800000, 0x0000000782300000, 0x0000000782300000)
  object space 2026496K, 99% used [0x0000000706800000,0x0000000782296a60,0x0000000782300000)
 Metaspace       used 41272K, capacity 41482K, committed 42624K, reserved 1085440K
  class space    used 6236K, capacity 6304K, committed 6528K, reserved 1048576K
}
Event: 1515.580 GC heap before
{Heap before GC invocations=300 (full 267):
 PSYoungGen      total 668160K, used 330751K [0x0000000782300000, 0x00000007c0000000, 0x00000007c0000000)
  eden space 330752K, 99% used [0x0000000782300000,0x00000007965ffff0,0x0000000796600000)
  from space 337408K, 0% used [0x0000000796600000,0x0000000796600000,0x00000007aaf80000)
  to   space 337408K, 0% used [0x00000007ab680000,0x00000007ab680000,0x00000007c0000000)
 ParOldGen       total 2026496K, used 2026074K [0x0000000706800000, 0x0000000782300000, 0x0000000782300000)
  object space 2026496K, 99% used [0x0000000706800000,0x0000000782296a60,0x0000000782300000)
 Metaspace       used 41272K, capacity 41482K, committed 42624K, reserved 1085440K
  class space    used 6236K, capacity 6304K, committed 6528K, reserved 1048576K

